<discovery_reports>
  <discovery_report version="2" xmlns:xsi="http://www.w3.org/2001/XMLSchema-instance" xsi:schemaLocation="http://www.rpath.com/permanent/rpath-configurator-1.0.xsd rpath-configurator-1.0.xsd">
    <name>apache_configuration</name>
    <display_name>Apache Configuration Checker</display_name>
    <errors>
      <error>
        <code>500</code>
        <details><![CDATA[Failed to locate file]]></details>
        <summary>General error: file not found</summary>
      </error>
      <error>
        <code>1</code>
        <details><![CDATA[Traceback: A bunch of tb data]]></details>
        <summary>Error when stuff broke, fix it</summary>
      </error>
    </errors>
    <result><![CDATA[<pretend><something/><is/><here/></pretend>]]></result>
  </discovery_report>
  <discovery_report version="2" xmlns:xsi="http://www.w3.org/2001/XMLSchema-instance" xsi:schemaLocation="http://www.rpath.com/permanent/rpath-configurator-1.0.xsd rpath-configurator-1.0.xsd">
    <name>cim_configuration</name>
    <display_name>CIM Configuration Checker</display_name>
    <result><![CDATA[Pretend these are the contents of the cim config file]]></result>
  </discovery_report>
  <discovery_report version="2" xmlns:xsi="http://www.w3.org/2001/XMLSchema-instance" xsi:schemaLocation="http://www.rpath.com/permanent/rpath-configurator-1.0.xsd rpath-configurator-1.0.xsd">
    <name>tomcat_configuration</name>
    <display_name>Tomcat Configuration Checker</display_name>
    <errors>
      <error>
        <code>500</code>
        <details><![CDATA[Failed to locate file]]></details>
        <summary>General error: file not found</summary>
      </error>
    </errors>
  </discovery_report>
  <discovery_report version="2" xmlns:xsi="http://www.w3.org/2001/XMLSchema-instance" xsi:schemaLocation="http://www.rpath.com/permanent/rpath-configurator-1.0.xsd rpath-configurator-1.0.xsd">
    <name>config_error-6582f3c6-8af6-4f4d-bac8-485df0ed6d8c</name>
    <display_name>discover_invalid1.ps1</display_name>
    <errors>
      <error>
        <code>2319</code>
        <details>The element 'discovery_report' has invalid child element 'THISWONTVALIDATE'. List of possible elements expected: 'display_name, name, results, errors'.</details>
        <summary>Error Summary goes here...</summary>
      </error>
    </errors>
  </discovery_report>
</discovery_reports>